[debug] [2023-11-18T18:27:50.230Z] ----------------------------------------------------------------------
[debug] [2023-11-18T18:27:50.232Z] Command:       C:\Program Files\nodejs\node.exe C:\Users\42191\AppData\Roaming\npm\node_modules\firebase-tools\lib\bin\firebase.js init
[debug] [2023-11-18T18:27:50.233Z] CLI Version:   12.8.1
[debug] [2023-11-18T18:27:50.233Z] Platform:      win32
[debug] [2023-11-18T18:27:50.233Z] Node Version:  v20.9.0
[debug] [2023-11-18T18:27:50.233Z] Time:          Sat Nov 18 2023 19:27:50 GMT+0100 (Central European Standard Time)
[debug] [2023-11-18T18:27:50.233Z] ----------------------------------------------------------------------
[debug] 
[debug] [2023-11-18T18:27:50.238Z] > command requires scopes: ["email","openid","https://www.googleapis.com/auth/cloudplatformprojects.readonly","https://www.googleapis.com/auth/firebase","https://www.googleapis.com/auth/cloud-platform"]
[debug] [2023-11-18T18:27:50.238Z] > authorizing via signed-in user (ashianashi@gmail.com)
[info] 
     ######## #### ########  ######## ########     ###     ######  ########
     ##        ##  ##     ## ##       ##     ##  ##   ##  ##       ##
     ######    ##  ########  ######   ########  #########  ######  ######
     ##        ##  ##    ##  ##       ##     ## ##     ##       ## ##
     ##       #### ##     ## ######## ########  ##     ##  ######  ########

You're about to initialize a Firebase project in this directory:

  C:\Users\42191\Desktop\denniky

[info] 
=== Project Setup
[info] 
[info] First, let's associate this project directory with a Firebase project.
[info] You can create multiple project aliases by running firebase use --add, 
[info] but for now we'll just set up a default project.
[info] 
[debug] [2023-11-18T18:28:06.912Z] >>> [apiv2][query] GET https://firebase.googleapis.com/v1beta1/projects pageSize=100
[debug] [2023-11-18T18:28:07.407Z] <<< [apiv2][status] GET https://firebase.googleapis.com/v1beta1/projects 200
[debug] [2023-11-18T18:28:07.407Z] <<< [apiv2][body] GET https://firebase.googleapis.com/v1beta1/projects [omitted]
[info] i  Using project denniky-34792 (Denniky) 
[info] 
=== Hosting Setup
[info] 
[info] Your public directory is the folder (relative to your project directory) that
[info] will contain Hosting assets to be uploaded with firebase deploy. If you
[info] have a build process for your assets, use your build's output directory.
[info] 
